#
# There is insufficient memory for the Java Runtime Environment to continue.
# Native memory allocation (mmap) failed to map 117440512 bytes for G1 virtual space
# Possible reasons:
#   The system is out of physical RAM or swap space
#   The process is running with CompressedOops enabled, and the Java Heap may be blocking the growth of the native heap
# Possible solutions:
#   Reduce memory load on the system
#   Increase physical memory or swap space
#   Check if swap backing store is full
#   Decrease Java heap size (-Xmx/-Xms)
#   Decrease number of Java threads
#   Decrease Java thread stack sizes (-Xss)
#   Set larger code cache with -XX:ReservedCodeCacheSize=
#   JVM is running with Unscaled Compressed Oops mode in which the Java heap is
#     placed in the first 4GB address space. The Java Heap base address is the
#     maximum limit for the native heap growth. Please use -XX:HeapBaseMinAddress
#     to set the Java Heap base and to place the Java Heap above 4GB virtual address.
# This output file may be truncated or incomplete.
#
#  Out of Memory Error (os_windows.cpp:3530), pid=17172, tid=14508
#
# JRE version:  (18.0.1.1+2) (build )
# Java VM: OpenJDK 64-Bit Server VM (18.0.1.1+2-6, mixed mode, sharing, tiered, compressed oops, compressed class ptrs, g1 gc, windows-amd64)
# No core dump will be written. Minidumps are not enabled by default on client versions of Windows
#

---------------  S U M M A R Y ------------

Command Line: -Djava.library.path=D:\Desktop Apps\Wordmes\build\classes\kotlin\jvm\main;D:\Desktop Apps\Wordmes\build\processedResources\jvm\main -javaagent:D:\Apps&Stuff\Intellij_Idea\IntelliJ IDEA Community Edition 2022.1.2\lib\idea_rt.jar=60519:D:\Apps&Stuff\Intellij_Idea\IntelliJ IDEA Community Edition 2022.1.2\bin -Dfile.encoding=UTF-8 MainKt

Host: AMD Ryzen 5 3500U with Radeon Vega Mobile Gfx  , 8 cores, 6G,  Windows 11 , 64 bit Build 22000 (10.0.22000.708)
Time: Tue Nov  1 12:25:28 2022 Russia TZ 2 Standard Time elapsed time: 0.013530 seconds (0d 0h 0m 0s)

---------------  T H R E A D  ---------------

Current thread (0x00000243e231ebc0):  JavaThread "Unknown thread" [_thread_in_vm, id=14508, stack(0x000000bc9c400000,0x000000bc9c500000)]

Stack: [0x000000bc9c400000,0x000000bc9c500000]
Native frames: (J=compiled Java code, j=interpreted, Vv=VM code, C=native code)
V  [jvm.dll+0x69887a]
V  [jvm.dll+0x7f38bd]
V  [jvm.dll+0x7f51ce]
V  [jvm.dll+0x7f5883]
V  [jvm.dll+0x25ca3f]
V  [jvm.dll+0x6957c9]
V  [jvm.dll+0x68a2fa]
V  [jvm.dll+0x321efb]
V  [jvm.dll+0x3298d6]
V  [jvm.dll+0x37e47e]
V  [jvm.dll+0x37e6af]
V  [jvm.dll+0x2f9c7a]
V  [jvm.dll+0x2facdd]
V  [jvm.dll+0x7c24f0]
V  [jvm.dll+0x38b801]
V  [jvm.dll+0x7a1203]
V  [jvm.dll+0x40d6bf]
V  [jvm.dll+0x40f091]
C  [jli.dll+0x526b]
C  [ucrtbase.dll+0x26c0c]
C  [KERNEL32.DLL+0x154e0]
C  [ntdll.dll+0x485b]


---------------  P R O C E S S  ---------------

Threads class SMR info:
_java_thread_list=0x00007ffb71acd550, length=0, elements={
}

Java Threads: ( => current thread )

Other Threads:
  0x00000243e2377af0 WorkerThread "GC Thread#0" [stack: 0x000000bc9c500000,0x000000bc9c600000] [id=15516]
  0x00000243e23870a0 ConcurrentGCThread "G1 Main Marker" [stack: 0x000000bc9c600000,0x000000bc9c700000] [id=5496]
  0x00000243e2388140 WorkerThread "G1 Conc#0" [stack: 0x000000bc9c700000,0x000000bc9c800000] [id=12848]

[error occurred during error reporting (printing all threads), id 0xc0000005, EXCEPTION_ACCESS_VIOLATION (0xc0000005) at pc=0x00007ffb712fa217]

VM state: not at safepoint (not fully initialized)

VM Mutex/Monitor currently owned by a thread:  ([mutex/lock_event])
[0x00000243e2319620] Heap_lock - owner thread: 0x00000243e231ebc0

Heap address: 0x0000000091000000, size: 1776 MB, Compressed Oops mode: 32-bit

CDS archive(s) mapped at: [0x0000000000000000-0x0000000000000000-0x0000000000000000), size 0, SharedBaseAddress: 0x0000000800000000, ArchiveRelocationMode: 0.
Narrow klass base: 0x0000000000000000, Narrow klass shift: 0, Narrow klass range: 0x0

GC Precious Log:
 CardTable entry size: 512
 Card Set container configuration: InlinePtr #cards 5 size 8 Array Of Cards #cards 12 size 40 Howl #buckets 4 coarsen threshold 1843 Howl Bitmap #cards 512 size 80 coarsen threshold 460 Card regions per heap region 1 cards per card region 2048

Heap:
 garbage-first heap   total 0K, used 0K [0x0000000091000000, 0x0000000100000000)
  region size 1024K, 0 young (0K), 0 survivors (0K)

[error occurred during error reporting (printing heap information), id 0xc0000005, EXCEPTION_ACCESS_VIOLATION (0xc0000005) at pc=0x00007ffb716e0cb9]

GC Heap History (0 events):
No events

Deoptimization events (0 events):
No events

Classes loaded (0 events):
No events

Classes unloaded (0 events):
No events

Classes redefined (0 events):
No events

Internal exceptions (0 events):
No events

VM Operations (0 events):
No events

Events (1 events):
Event: 0.008 Loaded shared library D:\java JDK\bin\java.dll


Dynamic libraries:
0x00007ff739400000 - 0x00007ff73940e000 	D:\java JDK\bin\java.exe
0x00007ffbe8dc0000 - 0x00007ffbe8fc9000 	C:\WINDOWS\SYSTEM32\ntdll.dll
0x00007ffbe86c0000 - 0x00007ffbe877d000 	C:\WINDOWS\System32\KERNEL32.DLL
0x00007ffbe6630000 - 0x00007ffbe69ab000 	C:\WINDOWS\System32\KERNELBASE.dll
0x00007ffbe6330000 - 0x00007ffbe6441000 	C:\WINDOWS\System32\ucrtbase.dll
0x00007ffbc6290000 - 0x00007ffbc62a7000 	D:\java JDK\bin\jli.dll
0x00007ffbc6270000 - 0x00007ffbc628a000 	D:\java JDK\bin\VCRUNTIME140.dll
0x00007ffbe8420000 - 0x00007ffbe85cd000 	C:\WINDOWS\System32\USER32.dll
0x00007ffbd5980000 - 0x00007ffbd5c25000 	C:\WINDOWS\WinSxS\amd64_microsoft.windows.common-controls_6595b64144ccf1df_6.0.22000.120_none_9d947278b86cc467\COMCTL32.dll
0x00007ffbe6450000 - 0x00007ffbe6476000 	C:\WINDOWS\System32\win32u.dll
0x00007ffbe8370000 - 0x00007ffbe8413000 	C:\WINDOWS\System32\msvcrt.dll
0x00007ffbe8b70000 - 0x00007ffbe8b99000 	C:\WINDOWS\System32\GDI32.dll
0x00007ffbe69b0000 - 0x00007ffbe6ac8000 	C:\WINDOWS\System32\gdi32full.dll
0x00007ffbe6290000 - 0x00007ffbe632d000 	C:\WINDOWS\System32\msvcp_win.dll
0x00007ffbe8990000 - 0x00007ffbe89c2000 	C:\WINDOWS\System32\IMM32.DLL
0x00007ffbdded0000 - 0x00007ffbddedc000 	D:\java JDK\bin\vcruntime140_1.dll
0x00007ffbc5100000 - 0x00007ffbc518d000 	D:\java JDK\bin\msvcp140.dll
0x00007ffb70ff0000 - 0x00007ffb71c00000 	D:\java JDK\bin\server\jvm.dll
0x00007ffbe88e0000 - 0x00007ffbe898e000 	C:\WINDOWS\System32\ADVAPI32.dll
0x00007ffbe70b0000 - 0x00007ffbe714e000 	C:\WINDOWS\System32\sechost.dll
0x00007ffbe7890000 - 0x00007ffbe79b0000 	C:\WINDOWS\System32\RPCRT4.dll
0x00007ffbe70a0000 - 0x00007ffbe70a8000 	C:\WINDOWS\System32\PSAPI.DLL
0x00007ffbdeaf0000 - 0x00007ffbdeaf9000 	C:\WINDOWS\SYSTEM32\WSOCK32.dll
0x00007ffbe41a0000 - 0x00007ffbe41d3000 	C:\WINDOWS\SYSTEM32\WINMM.dll
0x00007ffbddb70000 - 0x00007ffbddb7a000 	C:\WINDOWS\SYSTEM32\VERSION.dll
0x00007ffbe7a10000 - 0x00007ffbe7a7f000 	C:\WINDOWS\System32\WS2_32.dll
0x00007ffbe5310000 - 0x00007ffbe5328000 	C:\WINDOWS\SYSTEM32\kernel.appcore.dll
0x00007ffbd6df0000 - 0x00007ffbd6dfa000 	D:\java JDK\bin\jimage.dll
0x00007ffbe3a80000 - 0x00007ffbe3ca1000 	C:\WINDOWS\SYSTEM32\DBGHELP.DLL
0x00007ffbdde00000 - 0x00007ffbdde31000 	C:\WINDOWS\SYSTEM32\dbgcore.DLL
0x00007ffbe6540000 - 0x00007ffbe65bf000 	C:\WINDOWS\System32\bcryptPrimitives.dll
0x00007ffbc63d0000 - 0x00007ffbc63de000 	D:\java JDK\bin\instrument.dll
0x00007ffbc6240000 - 0x00007ffbc6265000 	D:\java JDK\bin\java.dll

dbghelp: loaded successfully - version: 4.0.5 - missing functions: none
symbol engine: initialized successfully - sym options: 0x614 - pdb path: .;D:\java JDK\bin;C:\WINDOWS\SYSTEM32;C:\WINDOWS\WinSxS\amd64_microsoft.windows.common-controls_6595b64144ccf1df_6.0.22000.120_none_9d947278b86cc467;D:\java JDK\bin\server

VM Arguments:
jvm_args: -Djava.library.path=D:\Desktop Apps\Wordmes\build\classes\kotlin\jvm\main;D:\Desktop Apps\Wordmes\build\processedResources\jvm\main -javaagent:D:\Apps&Stuff\Intellij_Idea\IntelliJ IDEA Community Edition 2022.1.2\lib\idea_rt.jar=60519:D:\Apps&Stuff\Intellij_Idea\IntelliJ IDEA Community Edition 2022.1.2\bin -Dfile.encoding=UTF-8 
java_command: MainKt
java_class_path (initial): D:\Desktop Apps\Wordmes\build\classes\kotlin\jvm\main;D:\Desktop Apps\Wordmes\build\processedResources\jvm\main;C:\Users\stant\.gradle\caches\modules-2\files-2.1\org.jetbrains.compose.desktop\desktop\1.1.0\5b8f86fea035328fc9e8c660773037a3401ce25f\desktop-metadata-1.1.0.jar;C:\Users\stant\.gradle\caches\modules-2\files-2.1\org.jetbrains.kotlin\kotlin-stdlib-jdk8\1.6.10\e80fe6ac3c3573a80305f5ec43f86b829e8ab53d\kotlin-stdlib-jdk8-1.6.10.jar;C:\Users\stant\.gradle\caches\modules-2\files-2.1\org.jetbrains.compose.material\material\1.1.0\4d3b2a4752f78fe976a157e09a1b8767470fd8f4\material-metadata-1.1.0.jar;C:\Users\stant\.gradle\caches\modules-2\files-2.1\org.jetbrains.kotlin\kotlin-stdlib-jdk7\1.6.10\e1c380673654a089c4f0c9f83d0ddfdc1efdb498\kotlin-stdlib-jdk7-1.6.10.jar;C:\Users\stant\.gradle\caches\modules-2\files-2.1\org.jetbrains.skiko\skiko-awt-runtime-windows-x64\0.7.12\1c57babf7ee417a95ab2ba898f6e562875590e57\skiko-awt-runtime-windows-x64-0.7.12.jar;C:\Users\stant\.gradle\caches\modules-2\files-2.1\org.jetbrains.compose.foundation\foundation\1.1.0\d834fa431c21a0c301ac779cb83ed4b6ea45997e\foundation-metadata-1.1.0.jar;C:\Users\stant\.gradle\caches\modules-2\files-2.1\org.jetbrains.kotlin\kotlin-stdlib\1.6.10\b8af3fe6f1ca88526914929add63cf5e7c5049af\kotlin-stdlib-1.6.10.jar;C:\Users\stant\.gradle\caches\modules-2\files-2.1\org.jetbrains.compose.desktop\desktop-jvm\1.1.0\5ee1b0cb95662b9ec8e19c2d7f94b38673fdbe14\desktop-jvm-1.1.0.jar;C:\Users\stant\.gradle\caches\modules-2\files-2.1\org.jetbrains.compose.ui\ui-tooling-preview\1.1.0\5b8f86fea035328fc9e8c660773037a3401ce25f\ui-tooling-preview-metadata-1.1.0.jar;C:\Users\stant\.gradle\caches\modules-2\files-2.1\org.jetbrains.compose.ui\ui\1.1.0\9a9c686c518fef3c5896bf546dc9165f423a3520\ui-metadata-1.1.0.jar;C:\Users\stant\.gradle\caches\modules-2\files-2.1\org.jetbrains\annotations\13.0\919f0dfe192fb4e063e7dacadee7f8bb9a2672a9\annotations-13.0.jar;C:\Users\stant\.gradle\caches\modules-2\files-2.1\org.jetbrains.compose.material\material-desktop\1.1.0\9562f3d1265ac4485d96d6a42788cecf03a0f9fd\material-desktop-1.1.0.jar;C:\Users\stant\.gradle\caches\modules-2\files-2.1\org.jetbrains.compose.runtime\runtime\1.1.0\922eef6fd16d4237a05d6534f4397de81f13e1ce\runtime-metadata-1.1.0.jar;C:\Users\stant\.gradle\caches\modules-2\files-2.1\org.jetbrains.compose.foundation\foundation-desktop\1.1.0\37301aed12391c2b359b7ae4628da760b0dae2c3\foundation-desktop-1.1.0.jar;C:\Users\stant\.gradle\caches\modules-2\files-2.1\org.jetbrains.compose.material\material-ripple\1.1.0\36a7a44a730bae38d0fe8b4f2e0f8e7aa0611bbe\material-ripple-metadata-1.1.0.jar;C:\Users\stant\.gradle\caches\modules-2\files-2.1\org.jetbrains.compose.material\material-icons-core\1.1.0\c8473198010755105271d173dcdf272bdf23e8d4\material-icons-core-metadata-1.1.0.jar;C:\Users\stant\.gradle\caches\modules-2\files-2.1\org.jetbrains.compose.ui\ui-desktop\1.1.0\4884062666a55d239ce40c5c85202fea17638e0c\ui-desktop-1.1.0.jar;C:\Users\stant\.gradle\caches\modules-2\files-2.1\org.jetbrains.compose.animation\animation-core\1.1.0\8a4ced3aee39f5eb6f0c7a07de9b01c9b910e977\animation-core-metadata-1.1.0.jar;C:\Users\stant\.gradle\caches\modules-2\files-2.1\org.jetbrains.compose.ui\ui-tooling-preview-desktop\1.1.0\b57e16cd7cca67c9aa0bfb85aba98e393c486771\ui-tooling-preview-desktop-1.1.0.jar;C:\Users\stant\.gradle\caches\modules-2\files-2.1\org.jetbrains.compose.runtime\runtime-desktop\1.1.0\c27d7023bd5de69a0aa3410335302121f8aa60d8\runtime-desktop-1.1.0.jar;C:\Users\stant\.gradle\caches\modules-2\files-2.1\org.jetbrains.compose.ui\ui-text\1.1.0\eb8c5a55ee1d715de51679eb5f004bed88864b75\ui-text-metadata-1.1.0.jar;C:\Users\stant\.gradle\caches\modules-2\files-2.1\org.jetbrains.compose.animation\animation\1.1.0\c8b4b200a3fa6d24f8568f83e4cb61ca5d89ad67\animation-metadata-1.1.0.jar;C:\Users\stant\.gradle\caches\modules-2\files-2.1\org.jetbrains.kotlinx\kotlinx-coroutines-swing\1.5.2\373883facba753a6665fbe1c6820f9dc156045b1\kotlinx-coroutines-swing-1.5.2.jar;C:\Users\stant\.gradle\caches\modules-2\files-2.1\org.jetbrains.compose.material\material-ripple-desktop\1.1.0\ed5d636ff53e8a9bb478325b2870235d1f1a4251\material-ripple-desktop-1.1.0.jar;C:\Users\stant\.gradle\caches\modules-2\files-2.1\org.jetbrains.compose.runtime\runtime-saveable\1.1.0\705d42a1120cf3506990a1ef99cb875d381a917c\runtime-saveable-metadata-1.1.0.jar;C:\Users\stant\.gradle\caches\modules-2\files-2.1\org.jetbrains.compose.material\material-icons-core-desktop\1.1.0\cdf1ec28bd1eb52288e8b9c6c8fb6859b06ab394\material-icons-core-desktop-1.1.0.jar;C:\Users\stant\.gradle\caches\modules-2\files-2.1\org.jetbrains.compose.ui\ui-graphics\1.1.0\3de6691aba714a6c5ce3909cc3fc047cdf80659e\ui-graphics-metadata-1.1.0.jar;C:\Users\stant\.gradle\caches\modules-2\files-2.1\org.jetbrains.compose.ui\ui-util-desktop\1.1.0\367ca852f7123f5c69541717e5584ec99b9c2db0\ui-util-desktop-1.1.0.jar;C:\Users\stant\.gradle\caches\modules-2\files-2.1\org.jetbrains.compose.animation\animation-core-desktop\1.1.0\35cb8857d549cceabc442af169cd3205cbe14555\animation-core-desktop-1.1.0.jar;C:\Users\stant\.gradle\caches\modules-2\files-2.1\org.jetbrains.compose.ui\ui-unit\1.1.0\598daf2d829928a503f1f732d15e0b0b1f31e425\ui-unit-metadata-1.1.0.jar;C:\Users\stant\.gradle\caches\modules-2\files-2.1\org.jetbrains.compose.ui\ui-geometry\1.1.0\ea88b614c2b7b74663796cfa5870d7d7cac008f5\ui-geometry-metadata-1.1.0.jar;C:\Users\stant\.gradle\caches\modules-2\files-2.1\org.jetbrains.compose.ui\ui-text-desktop\1.1.0\652aa25cd2a00c43f3e1903dc3e30ef9032d237d\ui-text-desktop-1.1.0.jar;C:\Users\stant\.gradle\caches\modules-2\files-2.1\org.jetbrains.compose.animation\animation-desktop\1.1.0\183763d41b1e2ebca2f86418934fa7f1908d5b80\animation-desktop-1.1.0.jar;C:\Users\stant\.gradle\caches\modules-2\files-2.1\org.jetbrains.kotlinx\kotlinx-coroutines-core\1.5.2\b69812855f235ec832341b48e721a5e62e7a888c\kotlinx-coroutines-core-1.5.2.jar;C:\Users\stant\.gradle\caches\modules-2\files-2.1\org.jetbrains.compose.foundation\foundation-layout\1.1.0\f7a454831dc15b6a904e95f0753906a81023a9\foundation-layout-metadata-1.1.0.jar;C:\Users\stant\.gradle\caches\modules-2\files-2.1\org.jetbrains.compose.runtime\runtime-saveable-desktop\1.1.0\e202665934e15df56d9a0b7d30dc71df4381e3c4\runtime-saveable-desktop-1.1.0.jar;C:\Users\stant\.gradle\caches\modules-2\files-2.1\org.jetbrains.compose.ui\ui-graphics-desktop\1.1.0\bd61651535860a3797e47080cde4ebc6e539a25e\ui-graphics-desktop-1.1.0.jar;C:\Users\stant\.gradle\caches\modules-2\files-2.1\org.jetbrains.skiko\skiko-awt\0.7.12\7df725c58d41d89237ec0a6771fc6366bfeb8439\skiko-awt-0.7.12.jar;C:\Users\stant\.gradle\caches\modules-2\files-2.1\org.jetbrains.compose.ui\ui-unit-desktop\1.1.0\14026c6ac45573662068c721c4b79853dd0fa6ed\ui-unit-desktop-1.1.0.jar;C:\Users\stant\.gradle\caches\modules-2\files-2.1\org.jetbrains.compose.ui\ui-geometry-desktop\1.1.0\51cf3b7ba42e945ad258e14eeaa16e4e0a4bf182\ui-geometry-desktop-1.1.0.jar;C:\Users\stant\.gradle\caches\modules-2\files-2.1\org.jetbrains.kotlinx\kotlinx-coroutines-core-jvm\1.5.2\f4cc07a50437659e0043e7da762809a46932b6a0\kotlinx-coroutines-core-jvm-1.5.2.jar;C:\Users\stant\.gradle\caches\modules-2\files-2.1\org.jetbrains.compose.foundation\foundation-layout-desktop\1.1.0\491f6db7b259e08bef4635edb1edefb16054eb50\foundation-layout-desktop-1.1.0.jar
Launcher Type: SUN_STANDARD

[Global flags]
     intx CICompilerCount                          = 4                                         {product} {ergonomic}
     uint ConcGCThreads                            = 2                                         {product} {ergonomic}
     uint G1ConcRefinementThreads                  = 8                                         {product} {ergonomic}
   size_t G1HeapRegionSize                         = 1048576                                   {product} {ergonomic}
    uintx GCDrainStackTargetSize                   = 64                                        {product} {ergonomic}
   size_t InitialHeapSize                          = 117440512                                 {product} {ergonomic}
   size_t MarkStackSize                            = 4194304                                   {product} {ergonomic}
   size_t MaxHeapSize                              = 1862270976                                {product} {ergonomic}
   size_t MinHeapDeltaBytes                        = 1048576                                   {product} {ergonomic}
   size_t MinHeapSize                              = 8388608                                   {product} {ergonomic}
    uintx NonNMethodCodeHeapSize                   = 5839372                                {pd product} {ergonomic}
    uintx NonProfiledCodeHeapSize                  = 122909434                              {pd product} {ergonomic}
    uintx ProfiledCodeHeapSize                     = 122909434                              {pd product} {ergonomic}
    uintx ReservedCodeCacheSize                    = 251658240                              {pd product} {ergonomic}
     bool SegmentedCodeCache                       = true                                      {product} {ergonomic}
   size_t SoftMaxHeapSize                          = 1862270976                             {manageable} {ergonomic}
     bool UseCompressedClassPointers               = true                           {product lp64_product} {ergonomic}
     bool UseCompressedOops                        = true                           {product lp64_product} {ergonomic}
     bool UseG1GC                                  = true                                      {product} {ergonomic}
     bool UseLargePagesIndividualAllocation        = false                                  {pd product} {ergonomic}

Logging:
Log output configuration:
 #0: stdout all=warning uptime,level,tags foldmultilines=false
 #1: stderr all=off uptime,level,tags foldmultilines=false

Environment Variables:
PATH=C:\ProgramData\Oracle\Java\javapath;C:\WINDOWS\system32;C:\WINDOWS;C:\WINDOWS\System32\Wbem;C:\WINDOWS\System32\WindowsPowerShell\v1.0\;C:\WINDOWS\System32\OpenSSH\;C:\Program Files\Git\cmd;D:\Python__3.10.4\Scripts\;D:\Python__3.10.4\;C:\Users\stant\AppData\Local\Microsoft\WindowsApps;D:\Apps&Stuff\Microsoft VS Code\bin;D:\mingw\MinGW\bin;D:\Apps&Stuff\PyCharm\PyCharm Community Edition 2022.1.2\bin;;C:\MinGW\bin;
USERNAME=stant
OS=Windows_NT
PROCESSOR_IDENTIFIER=AMD64 Family 23 Model 24 Stepping 1, AuthenticAMD



---------------  S Y S T E M  ---------------

OS:
 Windows 11 , 64 bit Build 22000 (10.0.22000.708)
OS uptime: 2 days 14:54 hours

CPU: total 8 (initial active 8) (8 cores per cpu, 2 threads per core) family 23 model 24 stepping 1 microcode 0x0, cx8, cmov, fxsr, ht, mmx, 3dnowpref, sse, sse2, sse3, ssse3, sse4a, sse4.1, sse4.2, popcnt, lzcnt, tsc, tscinvbit, avx, avx2, aes, clmul, bmi1, bmi2, adx, sha, fma, vzeroupper, clflush, clflushopt

Memory: 4k page, system-wide physical 7103M (575M free)
TotalPageFile size 11199M (AvailPageFile size 84M)
current process WorkingSet (physical memory assigned to process): 11M, peak: 11M
current process commit charge ("private bytes"): 60M, peak: 172M

vm_info: OpenJDK 64-Bit Server VM (18.0.1.1+2-6) for windows-amd64 JRE (18.0.1.1+2-6), built on Apr 25 2022 21:50:56 by "mach5one" with MS VC++ 16.8 / 16.9 (VS2019)

END.
